<?xml version="1.0" encoding="UTF-8"?>
<!-- Generated by org.testng.reporters.JUnitReportReporter -->
<testsuite name="Selenium.Course.Lesson1.Workshop02Test" tests="1" time="5.500" ignored="0" failures="0" timestamp="26 Feb 2017 20:29:35 GMT" skipped="0" hostname="Pawel-laptop" errors="0">
  <testcase name="ShouldTestWorkshop2Page" time="5.500" classname="Selenium.Course.Lesson1.Workshop02Test"/>
</testsuite> <!-- Selenium.Course.Lesson1.Workshop02Test -->
