<?xml version="1.0" encoding="UTF-8"?>
<!-- Generated by org.testng.reporters.JUnitReportReporter -->
<testsuite name="Selenium.Course.Lesson7.Workshop07Test" tests="1" time="9.212" ignored="0" failures="0" timestamp="03 Apr 2017 14:25:03 GMT" skipped="0" hostname="Pawel-laptop" errors="0">
  <testcase name="ShouldSelectAnswers" time="9.212" classname="Selenium.Course.Lesson7.Workshop07Test"/>
</testsuite> <!-- Selenium.Course.Lesson7.Workshop07Test -->
