<?xml version="1.0" encoding="UTF-8"?>
<!-- Generated by org.testng.reporters.JUnitReportReporter -->
<testsuite name="Selenium.Course.Lesson4.Workshop04Test" tests="1" time="12.327" ignored="0" failures="0" timestamp="03 Apr 2017 07:47:47 GMT" skipped="0" hostname="Pawel-laptop" errors="0">
  <testcase name="ShouldCheckSelectedBookName" time="12.327" classname="Selenium.Course.Lesson4.Workshop04Test"/>
</testsuite> <!-- Selenium.Course.Lesson4.Workshop04Test -->
