<?xml version="1.0" encoding="UTF-8"?>
<!-- Generated by org.testng.reporters.JUnitReportReporter -->
<testsuite name="Selenium.Course.Lesson3.Workshop03Test" tests="3" time="5.732" ignored="0" failures="0" timestamp="26 Mar 2017 17:34:22 GMT" skipped="0" hostname="Pawel-laptop" errors="0">
  <testcase name="ShouldCheckLinksDomain" time="4.489" classname="Selenium.Course.Lesson3.Workshop03Test"/>
  <testcase name="ShouldCheckNumberOfBooks" time="0.676" classname="Selenium.Course.Lesson3.Workshop03Test"/>
  <testcase name="ShouldCheckSelectedBookName" time="0.567" classname="Selenium.Course.Lesson3.Workshop03Test"/>
</testsuite> <!-- Selenium.Course.Lesson3.Workshop03Test -->
