<?xml version="1.0" encoding="UTF-8"?>
<!-- Generated by org.testng.reporters.JUnitReportReporter -->
<testsuite name="Selenium.Course.Lesson5.Workshop05Test" tests="1" time="7.477" ignored="0" failures="0" timestamp="03 Apr 2017 08:07:10 GMT" skipped="0" hostname="Pawel-laptop" errors="0">
  <testcase name="ShouldSelectAnswers" time="7.477" classname="Selenium.Course.Lesson5.Workshop05Test"/>
</testsuite> <!-- Selenium.Course.Lesson5.Workshop05Test -->
