<?xml version="1.0" encoding="UTF-8"?>
<!-- Generated by org.testng.reporters.JUnitReportReporter -->
<testsuite name="Selenium.Course.Lesson3.Workshop03Test" tests="3" time="7.839" ignored="0" failures="0" timestamp="05 Mar 2017 21:19:51 GMT" skipped="0" hostname="Pawel-laptop" errors="0">
  <testcase name="ShouldCheckLinksDomain" time="5.967" classname="Selenium.Course.Lesson3.Workshop03Test"/>
  <testcase name="ShouldCheckSelectedBookName" time="0.953" classname="Selenium.Course.Lesson3.Workshop03Test"/>
  <testcase name="ShouldCheckNumberOfBooks" time="0.919" classname="Selenium.Course.Lesson3.Workshop03Test"/>
</testsuite> <!-- Selenium.Course.Lesson3.Workshop03Test -->
